2026-03-26 21:14:44,139 - INFO - Catalog button clicked successfully!
2026-03-26 21:14:44,139 - INFO - Saved: Black heels - 45.0
2026-03-26 21:14:44,139 - ERROR - Timeout: Page didn't load in time
2026-03-26 21:14:44,293 - INFO - Catalog button clicked successfully!
2026-03-26 21:14:44,293 - INFO - Saved: Bronze sandals - 39.99
2026-03-26 21:14:44,293 - ERROR - Timeout: Page didn't load in time
2026-03-26 21:14:44,408 - INFO - Catalog button clicked successfully!
2026-03-26 21:14:44,408 - INFO - Saved: Brown Shades - 20.0
2026-03-26 21:14:44,408 - ERROR - Timeout: Page didn't load in time
2026-03-26 21:14:44,533 - INFO - Catalog button clicked successfully!
2026-03-26 21:14:44,533 - INFO - Saved: Grey jacket - 55.0
2026-03-26 21:14:44,533 - ERROR - Timeout: Page didn't load in time
2026-03-26 21:14:44,658 - INFO - Catalog button clicked successfully!
2026-03-26 21:14:44,658 - INFO - Saved: Noir jacket - 60.0
2026-03-26 21:14:44,658 - ERROR - Timeout: Page didn't load in time
2026-03-26 21:14:44,767 - INFO - Catalog button clicked successfully!
2026-03-26 21:14:44,767 - INFO - Saved: Striped top - 50.0
2026-03-26 21:14:44,767 - ERROR - Timeout: Page didn't load in time
2026-03-26 21:14:44,861 - INFO - Catalog button clicked successfully!
2026-03-26 21:14:44,861 - INFO - Saved: White sandals - 25.0
2026-03-26 21:14:44,861 - ERROR - Timeout: Page didn't load in time
