2026-03-26 21:25:06,037 - INFO - Catalog button clicked successfully!
2026-03-26 21:25:06,081 - INFO - Saved: Black heels - 45.0
2026-03-26 21:25:06,097 - ERROR - Timeout: Page didn't load in time
2026-03-26 21:25:06,636 - INFO - Catalog button clicked successfully!
2026-03-26 21:25:06,636 - INFO - Saved: Bronze sandals - 39.99
2026-03-26 21:25:06,636 - ERROR - Timeout: Page didn't load in time
2026-03-26 21:25:06,949 - INFO - Catalog button clicked successfully!
2026-03-26 21:25:06,949 - INFO - Saved: Brown Shades - 20.0
2026-03-26 21:25:06,949 - ERROR - Timeout: Page didn't load in time
2026-03-26 21:25:07,152 - INFO - Catalog button clicked successfully!
2026-03-26 21:25:07,152 - INFO - Saved: Grey jacket - 55.0
2026-03-26 21:25:07,152 - ERROR - Timeout: Page didn't load in time
2026-03-26 21:25:07,293 - INFO - Catalog button clicked successfully!
2026-03-26 21:25:07,293 - INFO - Saved: Noir jacket - 60.0
2026-03-26 21:25:07,293 - ERROR - Timeout: Page didn't load in time
2026-03-26 21:25:07,496 - INFO - Catalog button clicked successfully!
2026-03-26 21:25:07,496 - INFO - Saved: Striped top - 50.0
2026-03-26 21:25:07,496 - ERROR - Timeout: Page didn't load in time
2026-03-26 21:25:07,652 - INFO - Catalog button clicked successfully!
2026-03-26 21:25:07,652 - INFO - Saved: White sandals - 25.0
2026-03-26 21:25:07,652 - ERROR - Timeout: Page didn't load in time
2026-03-26 21:29:49,857 - INFO - Catalog button clicked successfully!
2026-03-26 21:29:49,857 - INFO - Saved: Black heels - 45.0
2026-03-26 21:29:49,873 - ERROR - Timeout: Page didn't load in time
2026-03-26 21:29:49,951 - INFO - Catalog button clicked successfully!
2026-03-26 21:29:49,951 - INFO - Saved: Bronze sandals - 39.99
2026-03-26 21:29:49,951 - ERROR - Timeout: Page didn't load in time
2026-03-26 21:29:50,029 - INFO - Catalog button clicked successfully!
2026-03-26 21:29:50,029 - INFO - Saved: Brown Shades - 20.0
2026-03-26 21:29:50,029 - ERROR - Timeout: Page didn't load in time
2026-03-26 21:29:50,123 - INFO - Catalog button clicked successfully!
2026-03-26 21:29:50,123 - INFO - Saved: Grey jacket - 55.0
2026-03-26 21:29:50,123 - ERROR - Timeout: Page didn't load in time
2026-03-26 21:29:50,217 - INFO - Catalog button clicked successfully!
2026-03-26 21:29:50,217 - INFO - Saved: Noir jacket - 60.0
2026-03-26 21:29:50,217 - ERROR - Timeout: Page didn't load in time
2026-03-26 21:29:50,311 - INFO - Catalog button clicked successfully!
2026-03-26 21:29:50,311 - INFO - Saved: Striped top - 50.0
2026-03-26 21:29:50,311 - ERROR - Timeout: Page didn't load in time
2026-03-26 21:29:50,404 - INFO - Catalog button clicked successfully!
2026-03-26 21:29:50,404 - INFO - Saved: White sandals - 25.0
2026-03-26 21:29:50,404 - ERROR - Timeout: Page didn't load in time
2026-03-26 21:31:45,783 - INFO - Catalog button clicked successfully!
2026-03-26 21:31:45,783 - INFO - Saved: Black heels - 45.0
2026-03-26 21:31:45,783 - ERROR - Timeout: Page didn't load in time
2026-03-26 21:31:45,908 - INFO - Catalog button clicked successfully!
2026-03-26 21:31:45,908 - INFO - Saved: Bronze sandals - 39.99
2026-03-26 21:31:45,908 - ERROR - Timeout: Page didn't load in time
2026-03-26 21:31:46,033 - INFO - Catalog button clicked successfully!
2026-03-26 21:31:46,033 - INFO - Saved: Brown Shades - 20.0
2026-03-26 21:31:46,033 - ERROR - Timeout: Page didn't load in time
2026-03-26 21:31:46,174 - INFO - Catalog button clicked successfully!
2026-03-26 21:31:46,174 - INFO - Saved: Grey jacket - 55.0
2026-03-26 21:31:46,174 - ERROR - Timeout: Page didn't load in time
2026-03-26 21:31:46,299 - INFO - Catalog button clicked successfully!
2026-03-26 21:31:46,299 - INFO - Saved: Noir jacket - 60.0
2026-03-26 21:31:46,299 - ERROR - Timeout: Page didn't load in time
2026-03-26 21:31:46,377 - INFO - Catalog button clicked successfully!
2026-03-26 21:31:46,377 - INFO - Saved: Striped top - 50.0
2026-03-26 21:31:46,377 - ERROR - Timeout: Page didn't load in time
2026-03-26 21:31:46,486 - INFO - Catalog button clicked successfully!
2026-03-26 21:31:46,486 - INFO - Saved: White sandals - 25.0
2026-03-26 21:31:46,486 - ERROR - Timeout: Page didn't load in time
2026-03-31 15:42:11,059 - INFO - Catalog button clicked successfully!
2026-03-31 15:42:11,059 - INFO - Saved: Black heels - 45.0
2026-03-31 15:42:11,059 - ERROR - Timeout: Page didn't load in time
2026-03-31 15:42:11,180 - INFO - Catalog button clicked successfully!
2026-03-31 15:42:11,180 - INFO - Saved: Bronze sandals - 39.99
2026-03-31 15:42:11,180 - ERROR - Timeout: Page didn't load in time
2026-03-31 15:42:11,278 - INFO - Catalog button clicked successfully!
2026-03-31 15:42:11,278 - INFO - Saved: Brown Shades - 20.0
2026-03-31 15:42:11,278 - ERROR - Timeout: Page didn't load in time
2026-03-31 15:42:11,426 - INFO - Catalog button clicked successfully!
2026-03-31 15:42:11,426 - INFO - Saved: Grey jacket - 55.0
2026-03-31 15:42:11,426 - ERROR - Timeout: Page didn't load in time
2026-03-31 15:42:11,617 - INFO - Catalog button clicked successfully!
2026-03-31 15:42:11,617 - INFO - Saved: Noir jacket - 60.0
2026-03-31 15:42:11,617 - ERROR - Timeout: Page didn't load in time
2026-03-31 15:42:11,728 - INFO - Catalog button clicked successfully!
2026-03-31 15:42:11,728 - INFO - Saved: Striped top - 50.0
2026-03-31 15:42:11,728 - ERROR - Timeout: Page didn't load in time
2026-03-31 15:42:11,859 - INFO - Catalog button clicked successfully!
2026-03-31 15:42:11,859 - INFO - Saved: White sandals - 25.0
2026-03-31 15:42:11,859 - ERROR - Timeout: Page didn't load in time
2026-03-31 16:40:23,849 - INFO - Catalog button clicked successfully!
2026-03-31 16:40:23,851 - INFO - Saved: Black heels - 45.0
2026-03-31 16:40:23,851 - ERROR - Timeout: Page didn't load in time
2026-03-31 16:40:23,947 - INFO - Catalog button clicked successfully!
2026-03-31 16:40:23,948 - INFO - Saved: Bronze sandals - 39.99
2026-03-31 16:40:23,948 - ERROR - Timeout: Page didn't load in time
2026-03-31 16:40:24,039 - INFO - Catalog button clicked successfully!
2026-03-31 16:40:24,039 - INFO - Saved: Brown Shades - 20.0
2026-03-31 16:40:24,039 - ERROR - Timeout: Page didn't load in time
2026-03-31 16:40:24,140 - INFO - Catalog button clicked successfully!
2026-03-31 16:40:24,140 - INFO - Saved: Grey jacket - 55.0
2026-03-31 16:40:24,140 - ERROR - Timeout: Page didn't load in time
2026-03-31 16:40:24,235 - INFO - Catalog button clicked successfully!
2026-03-31 16:40:24,235 - INFO - Saved: Noir jacket - 60.0
2026-03-31 16:40:24,235 - ERROR - Timeout: Page didn't load in time
2026-03-31 16:40:24,330 - INFO - Catalog button clicked successfully!
2026-03-31 16:40:24,330 - INFO - Saved: Striped top - 50.0
2026-03-31 16:40:24,330 - ERROR - Timeout: Page didn't load in time
2026-03-31 16:40:24,434 - INFO - Catalog button clicked successfully!
2026-03-31 16:40:24,434 - INFO - Saved: White sandals - 25.0
2026-03-31 16:40:24,434 - ERROR - Timeout: Page didn't load in time
2026-05-05 13:48:07,511 - INFO - Catalog button clicked successfully!
2026-05-05 13:48:07,512 - INFO - Saved: Black heels - 45.0
2026-05-05 13:48:07,512 - ERROR - Timeout: Page didn't load in time
2026-05-05 13:48:07,654 - INFO - Catalog button clicked successfully!
2026-05-05 13:48:07,654 - INFO - Saved: Bronze sandals - 39.99
2026-05-05 13:48:07,655 - ERROR - Timeout: Page didn't load in time
2026-05-05 13:48:07,917 - INFO - Catalog button clicked successfully!
2026-05-05 13:48:07,917 - INFO - Saved: Brown Shades - 20.0
2026-05-05 13:48:07,917 - ERROR - Timeout: Page didn't load in time
2026-05-05 13:48:08,058 - INFO - Catalog button clicked successfully!
2026-05-05 13:48:08,059 - INFO - Saved: Grey jacket - 55.0
2026-05-05 13:48:08,059 - ERROR - Timeout: Page didn't load in time
2026-05-05 13:48:08,349 - INFO - Catalog button clicked successfully!
2026-05-05 13:48:08,349 - INFO - Saved: Noir jacket - 60.0
2026-05-05 13:48:08,349 - ERROR - Timeout: Page didn't load in time
2026-05-05 13:48:08,486 - INFO - Catalog button clicked successfully!
2026-05-05 13:48:08,486 - INFO - Saved: Striped top - 50.0
2026-05-05 13:48:08,486 - ERROR - Timeout: Page didn't load in time
2026-05-05 13:48:08,852 - INFO - Catalog button clicked successfully!
2026-05-05 13:48:08,852 - INFO - Saved: White sandals - 25.0
2026-05-05 13:48:08,852 - ERROR - Timeout: Page didn't load in time
2026-05-05 13:48:09,122 - INFO - Catalog button clicked successfully!
2026-05-05 13:48:09,123 - INFO - Saved: Black heels - 45.0
2026-05-05 13:48:09,123 - ERROR - Timeout: Page didn't load in time
2026-05-05 13:48:09,137 - INFO - Catalog button clicked successfully!
2026-05-05 13:48:09,138 - INFO - Saved: Black heels - 45.0
2026-05-05 13:48:09,138 - ERROR - Timeout: Page didn't load in time
2026-05-05 13:48:09,308 - INFO - Catalog button clicked successfully!
2026-05-05 13:48:09,308 - INFO - Saved: Bronze sandals - 39.99
2026-05-05 13:48:09,308 - ERROR - Timeout: Page didn't load in time
2026-05-05 13:48:09,316 - INFO - Catalog button clicked successfully!
2026-05-05 13:48:09,317 - INFO - Saved: Bronze sandals - 39.99
2026-05-05 13:48:09,317 - ERROR - Timeout: Page didn't load in time
2026-05-05 13:48:09,516 - INFO - Catalog button clicked successfully!
2026-05-05 13:48:09,516 - INFO - Saved: Brown Shades - 20.0
2026-05-05 13:48:09,516 - ERROR - Timeout: Page didn't load in time
2026-05-05 13:48:09,578 - INFO - Catalog button clicked successfully!
2026-05-05 13:48:09,578 - INFO - Saved: Brown Shades - 20.0
2026-05-05 13:48:09,578 - ERROR - Timeout: Page didn't load in time
2026-05-05 13:48:09,690 - INFO - Catalog button clicked successfully!
2026-05-05 13:48:09,690 - INFO - Saved: Grey jacket - 55.0
2026-05-05 13:48:09,691 - ERROR - Timeout: Page didn't load in time
2026-05-05 13:48:09,770 - INFO - Catalog button clicked successfully!
2026-05-05 13:48:09,770 - INFO - Saved: Grey jacket - 55.0
2026-05-05 13:48:09,770 - ERROR - Timeout: Page didn't load in time
2026-05-05 13:48:09,862 - INFO - Catalog button clicked successfully!
2026-05-05 13:48:09,863 - INFO - Saved: Noir jacket - 60.0
2026-05-05 13:48:09,863 - ERROR - Timeout: Page didn't load in time
2026-05-05 13:48:09,935 - INFO - Catalog button clicked successfully!
2026-05-05 13:48:09,936 - INFO - Saved: Noir jacket - 60.0
2026-05-05 13:48:09,936 - ERROR - Timeout: Page didn't load in time
2026-05-05 13:48:10,082 - INFO - Catalog button clicked successfully!
2026-05-05 13:48:10,082 - INFO - Saved: Striped top - 50.0
2026-05-05 13:48:10,082 - ERROR - Timeout: Page didn't load in time
2026-05-05 13:48:10,137 - INFO - Catalog button clicked successfully!
2026-05-05 13:48:10,137 - INFO - Saved: Striped top - 50.0
2026-05-05 13:48:10,137 - ERROR - Timeout: Page didn't load in time
2026-05-05 13:48:10,239 - INFO - Catalog button clicked successfully!
2026-05-05 13:48:10,239 - INFO - Saved: White sandals - 25.0
2026-05-05 13:48:10,239 - ERROR - Timeout: Page didn't load in time
2026-05-05 13:48:10,338 - INFO - Catalog button clicked successfully!
2026-05-05 13:48:10,338 - INFO - Saved: White sandals - 25.0
2026-05-05 13:48:10,338 - ERROR - Timeout: Page didn't load in time
